Build started 11/01/2011 22:50:41.
     1>Project "C:\Users\Tonio\Documents\EISTI\Lecture Fichier CPP\tinyxml\tinyxmlSTL.vcxproj" on node 2 (build target(s)).
     1>InitializeBuildStatus:
         Creating ".\Debug_STL\tinyxmlSTL.unsuccessfulbuild" because "AlwaysCreate" was specified.
       ClCompile:
         C:\Program Files\Microsoft Visual Studio 10.0\VC\bin\CL.exe /c /ZI /nologo /W4 /WX- /Od /Oy- /D WIN32 /D _DEBUG /D _LIB /D TIXML_USE_STL /D _VC80_UPGRADE=0x0600 /D _MBCS /Gm /EHsc /RTC1 /MTd /GS /fp:precise /Zc:wchar_t /Zc:forScope /Fo".\Debug_STL/" /Fd".\Debug_STL/vc100.pdb" /FR".\Debug_STL\\" /Gd /TP /analyze- /errorReport:prompt tinystr.cpp tinyxml.cpp tinyxmlerror.cpp tinyxmlparser.cpp
         tinyxmlparser.cpp
         tinyxmlerror.cpp
         tinyxml.cpp
         tinystr.cpp
         Generating Code...
     1>C:\Program Files\MSBuild\Microsoft.Cpp\v4.0\Microsoft.CppBuild.targets(1151,5): warning MSB8012: TargetPath(C:\Users\Tonio\Documents\EISTI\Lecture Fichier CPP\tinyxml\.\Debug_STL\tinyxmlSTL.lib) does not match the Library's OutputFile property value (C:\Users\Tonio\Documents\EISTI\Lecture Fichier CPP\tinyxml\Debug_STL\tinyxmld_STL.lib). This may cause your project to build incorrectly. To correct this, please make sure that $(OutDir), $(TargetName) and $(TargetExt) property values match the value specified in %(Lib.OutputFile).
     1>C:\Program Files\MSBuild\Microsoft.Cpp\v4.0\Microsoft.CppBuild.targets(1153,5): warning MSB8012: TargetName(tinyxmlSTL) does not match the Library's OutputFile property value (tinyxmld_STL). This may cause your project to build incorrectly. To correct this, please make sure that $(OutDir), $(TargetName) and $(TargetExt) property values match the value specified in %(Lib.OutputFile).
       Lib:
         C:\Program Files\Microsoft Visual Studio 10.0\VC\bin\Lib.exe /OUT:"Debug_STL\tinyxmld_STL.lib" /NOLOGO .\Debug_STL/tinystr.obj
         .\Debug_STL/tinyxml.obj
         .\Debug_STL/tinyxmlerror.obj
         .\Debug_STL/tinyxmlparser.obj
         tinyxmlSTL.vcxproj -> C:\Users\Tonio\Documents\EISTI\Lecture Fichier CPP\tinyxml\.\Debug_STL\tinyxmlSTL.lib
       BscMake:
         C:\Program Files\Microsoft Visual Studio 10.0\VC\bin\bscmake.exe /nologo /o".\Debug_STL/tinyxmlSTL.bsc" .\Debug_STL\tinystr.sbr .\Debug_STL\tinyxml.sbr .\Debug_STL\tinyxmlerror.sbr .\Debug_STL\tinyxmlparser.sbr
       FinalizeBuildStatus:
         Deleting file ".\Debug_STL\tinyxmlSTL.unsuccessfulbuild".
         Touching ".\Debug_STL\tinyxmlSTL.lastbuildstate".
     1>Done Building Project "C:\Users\Tonio\Documents\EISTI\Lecture Fichier CPP\tinyxml\tinyxmlSTL.vcxproj" (build target(s)).

Build succeeded.

Time Elapsed 00:00:04.66
