Build started 11/01/2011 22:49:58.
     1>Project "C:\Users\Tonio\Documents\EISTI\Lecture Fichier CPP\tinyxml\tinyxml_lib.vcxproj" on node 2 (build target(s)).
     1>InitializeBuildStatus:
         Creating ".\Debug\tinyxml.unsuccessfulbuild" because "AlwaysCreate" was specified.
       ClCompile:
         C:\Program Files\Microsoft Visual Studio 10.0\VC\bin\CL.exe /c /ZI /nologo /W4 /WX- /Od /Oy- /D WIN32 /D _DEBUG /D _LIB /D _VC80_UPGRADE=0x0600 /D _MBCS /Gm /EHsc /RTC1 /MTd /GS /fp:precise /Zc:wchar_t /Zc:forScope /Fo".\Debug/" /Fd".\Debug/vc100.pdb" /FR".\Debug\\" /Gd /TP /analyze- /errorReport:prompt tinystr.cpp tinyxml.cpp tinyxmlerror.cpp tinyxmlparser.cpp
         tinyxmlparser.cpp
         tinyxmlerror.cpp
         tinyxml.cpp
         tinystr.cpp
         Generating Code...
     1>C:\Program Files\MSBuild\Microsoft.Cpp\v4.0\Microsoft.CppBuild.targets(1151,5): warning MSB8012: TargetPath(C:\Users\Tonio\Documents\EISTI\Lecture Fichier CPP\tinyxml\.\Debug\tinyxml.lib) does not match the Library's OutputFile property value (C:\Users\Tonio\Documents\EISTI\Lecture Fichier CPP\tinyxml\Debug\tinyxmld.lib). This may cause your project to build incorrectly. To correct this, please make sure that $(OutDir), $(TargetName) and $(TargetExt) property values match the value specified in %(Lib.OutputFile).
     1>C:\Program Files\MSBuild\Microsoft.Cpp\v4.0\Microsoft.CppBuild.targets(1153,5): warning MSB8012: TargetName(tinyxml) does not match the Library's OutputFile property value (tinyxmld). This may cause your project to build incorrectly. To correct this, please make sure that $(OutDir), $(TargetName) and $(TargetExt) property values match the value specified in %(Lib.OutputFile).
       Lib:
         C:\Program Files\Microsoft Visual Studio 10.0\VC\bin\Lib.exe /OUT:"Debug\tinyxmld.lib" /NOLOGO .\Debug/tinystr.obj
         .\Debug/tinyxml.obj
         .\Debug/tinyxmlerror.obj
         .\Debug/tinyxmlparser.obj
         tinyxml_lib.vcxproj -> C:\Users\Tonio\Documents\EISTI\Lecture Fichier CPP\tinyxml\.\Debug\tinyxml.lib
       BscMake:
         C:\Program Files\Microsoft Visual Studio 10.0\VC\bin\bscmake.exe /nologo /o".\Debug/tinyxml_lib.bsc" .\Debug\tinystr.sbr .\Debug\tinyxml.sbr .\Debug\tinyxmlerror.sbr .\Debug\tinyxmlparser.sbr
       FinalizeBuildStatus:
         Deleting file ".\Debug\tinyxml.unsuccessfulbuild".
         Touching ".\Debug\tinyxml.lastbuildstate".
     1>Done Building Project "C:\Users\Tonio\Documents\EISTI\Lecture Fichier CPP\tinyxml\tinyxml_lib.vcxproj" (build target(s)).

Build succeeded.

Time Elapsed 00:00:02.60
