D:\MY DOCUMENTS\ING2\LANCER_DE_RAYON\MONTECARLO\PROJET\DEBUG\PROJET.EXE
D:\MY DOCUMENTS\ING2\LANCER_DE_RAYON\MONTECARLO\PROJET\DEBUG\PROJET.ILK
D:\MY DOCUMENTS\ING2\LANCER_DE_RAYON\MONTECARLO\PROJET\DEBUG\PROJET.PDB
D:\My Documents\Ing2\lancer_de_rayon\MonteCarlo\Projet\Projet\Debug\cl.command.1.tlog
D:\My Documents\Ing2\lancer_de_rayon\MonteCarlo\Projet\Projet\Debug\CL.read.1.tlog
D:\My Documents\Ing2\lancer_de_rayon\MonteCarlo\Projet\Projet\Debug\CL.write.1.tlog
D:\MY DOCUMENTS\ING2\LANCER_DE_RAYON\MONTECARLO\PROJET\PROJET\DEBUG\COULEUR.OBJ
D:\MY DOCUMENTS\ING2\LANCER_DE_RAYON\MONTECARLO\PROJET\PROJET\DEBUG\CYLINDRE.OBJ
D:\MY DOCUMENTS\ING2\LANCER_DE_RAYON\MONTECARLO\PROJET\PROJET\DEBUG\INTERSECTION.OBJ
D:\My Documents\Ing2\lancer_de_rayon\MonteCarlo\Projet\Projet\Debug\link.6112.read.1.tlog
D:\My Documents\Ing2\lancer_de_rayon\MonteCarlo\Projet\Projet\Debug\link.6112.write.1.tlog
D:\My Documents\Ing2\lancer_de_rayon\MonteCarlo\Projet\Projet\Debug\link.6112-cvtres.read.1.tlog
D:\My Documents\Ing2\lancer_de_rayon\MonteCarlo\Projet\Projet\Debug\link.6112-cvtres.write.1.tlog
D:\My Documents\Ing2\lancer_de_rayon\MonteCarlo\Projet\Projet\Debug\link.command.1.tlog
D:\My Documents\Ing2\lancer_de_rayon\MonteCarlo\Projet\Projet\Debug\link.read.1.tlog
D:\My Documents\Ing2\lancer_de_rayon\MonteCarlo\Projet\Projet\Debug\link.write.1.tlog
D:\My Documents\Ing2\lancer_de_rayon\MonteCarlo\Projet\Projet\Debug\link-cvtres.read.1.tlog
D:\My Documents\Ing2\lancer_de_rayon\MonteCarlo\Projet\Projet\Debug\link-cvtres.write.1.tlog
D:\MY DOCUMENTS\ING2\LANCER_DE_RAYON\MONTECARLO\PROJET\PROJET\DEBUG\LUMIERE.OBJ
D:\MY DOCUMENTS\ING2\LANCER_DE_RAYON\MONTECARLO\PROJET\PROJET\DEBUG\MATERIAU.OBJ
D:\My Documents\Ing2\lancer_de_rayon\MonteCarlo\Projet\Projet\Debug\mt.command.1.tlog
D:\My Documents\Ing2\lancer_de_rayon\MonteCarlo\Projet\Projet\Debug\mt.read.1.tlog
D:\My Documents\Ing2\lancer_de_rayon\MonteCarlo\Projet\Projet\Debug\mt.write.1.tlog
D:\MY DOCUMENTS\ING2\LANCER_DE_RAYON\MONTECARLO\PROJET\PROJET\DEBUG\OBJET.OBJ
D:\MY DOCUMENTS\ING2\LANCER_DE_RAYON\MONTECARLO\PROJET\PROJET\DEBUG\PLAN.OBJ
D:\MY DOCUMENTS\ING2\LANCER_DE_RAYON\MONTECARLO\PROJET\PROJET\DEBUG\POINTLUMIERE.OBJ
D:\MY DOCUMENTS\ING2\LANCER_DE_RAYON\MONTECARLO\PROJET\PROJET\DEBUG\PROJET.EXE.EMBED.MANIFEST
D:\MY DOCUMENTS\ING2\LANCER_DE_RAYON\MONTECARLO\PROJET\PROJET\DEBUG\PROJET.EXE.EMBED.MANIFEST.RES
D:\MY DOCUMENTS\ING2\LANCER_DE_RAYON\MONTECARLO\PROJET\PROJET\DEBUG\PROJET.EXE.INTERMEDIATE.MANIFEST
D:\My Documents\Ing2\lancer_de_rayon\MonteCarlo\Projet\Projet\Debug\Projet_manifest.rc
D:\MY DOCUMENTS\ING2\LANCER_DE_RAYON\MONTECARLO\PROJET\PROJET\DEBUG\RAYON.OBJ
D:\MY DOCUMENTS\ING2\LANCER_DE_RAYON\MONTECARLO\PROJET\PROJET\DEBUG\RAYTRACER.OBJ
D:\My Documents\Ing2\lancer_de_rayon\MonteCarlo\Projet\Projet\Debug\rc.command.1.tlog
D:\My Documents\Ing2\lancer_de_rayon\MonteCarlo\Projet\Projet\Debug\rc.read.1.tlog
D:\My Documents\Ing2\lancer_de_rayon\MonteCarlo\Projet\Projet\Debug\rc.write.1.tlog
D:\MY DOCUMENTS\ING2\LANCER_DE_RAYON\MONTECARLO\PROJET\PROJET\DEBUG\SCENE.OBJ
D:\MY DOCUMENTS\ING2\LANCER_DE_RAYON\MONTECARLO\PROJET\PROJET\DEBUG\SPHERE.OBJ
D:\MY DOCUMENTS\ING2\LANCER_DE_RAYON\MONTECARLO\PROJET\PROJET\DEBUG\STDAFX.OBJ
D:\MY DOCUMENTS\ING2\LANCER_DE_RAYON\MONTECARLO\PROJET\PROJET\DEBUG\SURFACE.OBJ
D:\MY DOCUMENTS\ING2\LANCER_DE_RAYON\MONTECARLO\PROJET\PROJET\DEBUG\TESTAPP.OBJ
D:\My Documents\Ing2\lancer_de_rayon\MonteCarlo\Projet\Projet\Debug\vc100.idb
D:\MY DOCUMENTS\ING2\LANCER_DE_RAYON\MONTECARLO\PROJET\PROJET\DEBUG\VC100.PDB
