C:\Users\CheikAhamed\Documents\Developper\EISTI\OpenGL\MonteCarlo\Tuto_Fichier\Debug\Tuto_Fichier.pdb
C:\Users\CheikAhamed\Documents\Developper\EISTI\OpenGL\MonteCarlo\Tuto_Fichier\Tuto_Fichier\Debug\cl.command.1.tlog
C:\Users\CheikAhamed\Documents\Developper\EISTI\OpenGL\MonteCarlo\Tuto_Fichier\Tuto_Fichier\Debug\CL.read.1.tlog
C:\Users\CheikAhamed\Documents\Developper\EISTI\OpenGL\MonteCarlo\Tuto_Fichier\Tuto_Fichier\Debug\CL.write.1.tlog
C:\USERS\CHEIKAHAMED\DOCUMENTS\DEVELOPPER\EISTI\OPENGL\MONTECARLO\TUTO_FICHIER\TUTO_FICHIER\DEBUG\COULEUR.OBJ
C:\USERS\CHEIKAHAMED\DOCUMENTS\DEVELOPPER\EISTI\OPENGL\MONTECARLO\TUTO_FICHIER\TUTO_FICHIER\DEBUG\CUBE.OBJ
C:\USERS\CHEIKAHAMED\DOCUMENTS\DEVELOPPER\EISTI\OPENGL\MONTECARLO\TUTO_FICHIER\TUTO_FICHIER\DEBUG\CYLINDRE.OBJ
C:\USERS\CHEIKAHAMED\DOCUMENTS\DEVELOPPER\EISTI\OPENGL\MONTECARLO\TUTO_FICHIER\TUTO_FICHIER\DEBUG\INTERSECTION.OBJ
C:\Users\CheikAhamed\Documents\Developper\EISTI\OpenGL\MonteCarlo\Tuto_Fichier\Tuto_Fichier\Debug\link.5552.read.1.tlog
C:\Users\CheikAhamed\Documents\Developper\EISTI\OpenGL\MonteCarlo\Tuto_Fichier\Tuto_Fichier\Debug\link.5552.write.1.tlog
C:\Users\CheikAhamed\Documents\Developper\EISTI\OpenGL\MonteCarlo\Tuto_Fichier\Tuto_Fichier\Debug\link.5552-cvtres.read.1.tlog
C:\Users\CheikAhamed\Documents\Developper\EISTI\OpenGL\MonteCarlo\Tuto_Fichier\Tuto_Fichier\Debug\link.5552-cvtres.write.1.tlog
C:\Users\CheikAhamed\Documents\Developper\EISTI\OpenGL\MonteCarlo\Tuto_Fichier\Tuto_Fichier\Debug\link.5656.read.1.tlog
C:\Users\CheikAhamed\Documents\Developper\EISTI\OpenGL\MonteCarlo\Tuto_Fichier\Tuto_Fichier\Debug\link.5656.write.1.tlog
C:\Users\CheikAhamed\Documents\Developper\EISTI\OpenGL\MonteCarlo\Tuto_Fichier\Tuto_Fichier\Debug\link.5656-cvtres.read.1.tlog
C:\Users\CheikAhamed\Documents\Developper\EISTI\OpenGL\MonteCarlo\Tuto_Fichier\Tuto_Fichier\Debug\link.5656-cvtres.write.1.tlog
C:\Users\CheikAhamed\Documents\Developper\EISTI\OpenGL\MonteCarlo\Tuto_Fichier\Tuto_Fichier\Debug\link.command.1.tlog
C:\Users\CheikAhamed\Documents\Developper\EISTI\OpenGL\MonteCarlo\Tuto_Fichier\Tuto_Fichier\Debug\link.read.1.tlog
C:\Users\CheikAhamed\Documents\Developper\EISTI\OpenGL\MonteCarlo\Tuto_Fichier\Tuto_Fichier\Debug\link.write.1.tlog
C:\Users\CheikAhamed\Documents\Developper\EISTI\OpenGL\MonteCarlo\Tuto_Fichier\Tuto_Fichier\Debug\link-cvtres.read.1.tlog
C:\Users\CheikAhamed\Documents\Developper\EISTI\OpenGL\MonteCarlo\Tuto_Fichier\Tuto_Fichier\Debug\link-cvtres.write.1.tlog
C:\USERS\CHEIKAHAMED\DOCUMENTS\DEVELOPPER\EISTI\OPENGL\MONTECARLO\TUTO_FICHIER\TUTO_FICHIER\DEBUG\LUMIERE.OBJ
C:\USERS\CHEIKAHAMED\DOCUMENTS\DEVELOPPER\EISTI\OPENGL\MONTECARLO\TUTO_FICHIER\TUTO_FICHIER\DEBUG\MATERIAU.OBJ
C:\Users\CheikAhamed\Documents\Developper\EISTI\OpenGL\MonteCarlo\Tuto_Fichier\Tuto_Fichier\Debug\mt.command.1.tlog
C:\Users\CheikAhamed\Documents\Developper\EISTI\OpenGL\MonteCarlo\Tuto_Fichier\Tuto_Fichier\Debug\mt.read.1.tlog
C:\Users\CheikAhamed\Documents\Developper\EISTI\OpenGL\MonteCarlo\Tuto_Fichier\Tuto_Fichier\Debug\mt.write.1.tlog
C:\USERS\CHEIKAHAMED\DOCUMENTS\DEVELOPPER\EISTI\OPENGL\MONTECARLO\TUTO_FICHIER\TUTO_FICHIER\DEBUG\OBJET.OBJ
C:\USERS\CHEIKAHAMED\DOCUMENTS\DEVELOPPER\EISTI\OPENGL\MONTECARLO\TUTO_FICHIER\TUTO_FICHIER\DEBUG\PLAN.OBJ
C:\USERS\CHEIKAHAMED\DOCUMENTS\DEVELOPPER\EISTI\OPENGL\MONTECARLO\TUTO_FICHIER\TUTO_FICHIER\DEBUG\RAYON.OBJ
C:\Users\CheikAhamed\Documents\Developper\EISTI\OpenGL\MonteCarlo\Tuto_Fichier\Tuto_Fichier\Debug\rc.command.1.tlog
C:\Users\CheikAhamed\Documents\Developper\EISTI\OpenGL\MonteCarlo\Tuto_Fichier\Tuto_Fichier\Debug\rc.read.1.tlog
C:\Users\CheikAhamed\Documents\Developper\EISTI\OpenGL\MonteCarlo\Tuto_Fichier\Tuto_Fichier\Debug\rc.write.1.tlog
C:\USERS\CHEIKAHAMED\DOCUMENTS\DEVELOPPER\EISTI\OPENGL\MONTECARLO\TUTO_FICHIER\TUTO_FICHIER\DEBUG\SCENE.OBJ
C:\USERS\CHEIKAHAMED\DOCUMENTS\DEVELOPPER\EISTI\OPENGL\MONTECARLO\TUTO_FICHIER\TUTO_FICHIER\DEBUG\SPHERE.OBJ
C:\USERS\CHEIKAHAMED\DOCUMENTS\DEVELOPPER\EISTI\OPENGL\MONTECARLO\TUTO_FICHIER\TUTO_FICHIER\DEBUG\STDAFX.OBJ
C:\USERS\CHEIKAHAMED\DOCUMENTS\DEVELOPPER\EISTI\OPENGL\MONTECARLO\TUTO_FICHIER\TUTO_FICHIER\DEBUG\TUTO_FICHIER.EXE.EMBED.MANIFEST
C:\USERS\CHEIKAHAMED\DOCUMENTS\DEVELOPPER\EISTI\OPENGL\MONTECARLO\TUTO_FICHIER\TUTO_FICHIER\DEBUG\TUTO_FICHIER.EXE.EMBED.MANIFEST.RES
C:\Users\CheikAhamed\Documents\Developper\EISTI\OpenGL\MonteCarlo\Tuto_Fichier\Tuto_Fichier\Debug\Tuto_Fichier.exe.intermediate.manifest
C:\USERS\CHEIKAHAMED\DOCUMENTS\DEVELOPPER\EISTI\OPENGL\MONTECARLO\TUTO_FICHIER\TUTO_FICHIER\DEBUG\TUTO_FICHIER.OBJ
C:\USERS\CHEIKAHAMED\DOCUMENTS\DEVELOPPER\EISTI\OPENGL\MONTECARLO\TUTO_FICHIER\TUTO_FICHIER\DEBUG\TUTO_FICHIER.PCH
C:\Users\CheikAhamed\Documents\Developper\EISTI\OpenGL\MonteCarlo\Tuto_Fichier\Tuto_Fichier\Debug\Tuto_Fichier_manifest.rc
C:\Users\CheikAhamed\Documents\Developper\EISTI\OpenGL\MonteCarlo\Tuto_Fichier\Tuto_Fichier\Debug\vc100.idb
C:\USERS\CHEIKAHAMED\DOCUMENTS\DEVELOPPER\EISTI\OPENGL\MONTECARLO\TUTO_FICHIER\TUTO_FICHIER\DEBUG\VC100.PDB
