Build started 01/02/2011 20:21:06.
     1>Project "C:\Users\CheikAhamed\Documents\Developper\EISTI\OpenGL\MonteCarlo\Tuto_Fichier\Tuto_Fichier\Tuto_Fichier.vcxproj" on node 2 (build target(s)).
     1>InitializeBuildStatus:
         Touching "Debug\Tuto_Fichier.unsuccessfulbuild".
       ClCompile:
         All outputs are up-to-date.
         C:\Program Files\Microsoft Visual Studio 10.0\VC\bin\CL.exe /c /IC:\Users\CheikAhamed\Documents\Developper\EISTI\OpenGL\MonteCarlo\tinyxml /ZI /nologo /W3 /WX- /Od /Oy- /D WIN32 /D _DEBUG /D _CONSOLE /D _UNICODE /D UNICODE /Gm /EHsc /RTC1 /MDd /GS /fp:precise /Zc:wchar_t /Zc:forScope /Yu"StdAfx.h" /Fp"Debug\Tuto_Fichier.pch" /Fo"Debug\\" /Fd"Debug\vc100.pdb" /Gd /TP /analyze- /errorReport:prompt Cube.cpp Cylindre.cpp Intersection.cpp Objet.cpp Plan.cpp Scene.cpp Sphere.cpp Tuto_Fichier.cpp
         Sphere.cpp
         Plan.cpp
         Cylindre.cpp
         Cube.cpp
     1>c:\users\cheikahamed\documents\developper\eisti\opengl\montecarlo\tuto_fichier\tuto_fichier\cube.cpp(48): warning C4101: 'a' : unreferenced local variable
     1>c:\users\cheikahamed\documents\developper\eisti\opengl\montecarlo\tuto_fichier\tuto_fichier\cube.cpp(52): warning C4101: 't2' : unreferenced local variable
     1>c:\users\cheikahamed\documents\developper\eisti\opengl\montecarlo\tuto_fichier\tuto_fichier\cube.cpp(49): warning C4101: 'b' : unreferenced local variable
     1>c:\users\cheikahamed\documents\developper\eisti\opengl\montecarlo\tuto_fichier\tuto_fichier\cube.cpp(52): warning C4101: 't1' : unreferenced local variable
     1>c:\users\cheikahamed\documents\developper\eisti\opengl\montecarlo\tuto_fichier\tuto_fichier\cube.cpp(51): warning C4101: 'delta' : unreferenced local variable
     1>c:\users\cheikahamed\documents\developper\eisti\opengl\montecarlo\tuto_fichier\tuto_fichier\cube.cpp(50): warning C4101: 'c' : unreferenced local variable
     1>c:\users\cheikahamed\documents\developper\eisti\opengl\montecarlo\tuto_fichier\tuto_fichier\cube.cpp(52): warning C4101: 't' : unreferenced local variable
         Generating Code...
         Compiling...
         Tuto_Fichier.cpp
         Scene.cpp
         Generating Code...
         Skipping... (no relevant changes detected)
         Intersection.cpp
         Objet.cpp
       ManifestResourceCompile:
         All outputs are up-to-date.
       Link:
         C:\Program Files\Microsoft Visual Studio 10.0\VC\bin\link.exe /ERRORREPORT:PROMPT /OUT:"C:\Users\CheikAhamed\Documents\Developper\EISTI\OpenGL\MonteCarlo\Tuto_Fichier\Debug\Tuto_Fichier.exe" /INCREMENTAL /NOLOGO /LIBPATH:C:\Users\CheikAhamed\Documents\Developper\EISTI\OpenGL\MonteCarlo\tinyxml\Debug tinyxmld.lib kernel32.lib user32.lib gdi32.lib winspool.lib comdlg32.lib advapi32.lib shell32.lib ole32.lib oleaut32.lib uuid.lib odbc32.lib odbccp32.lib /MANIFEST /ManifestFile:"Debug\Tuto_Fichier.exe.intermediate.manifest" /MANIFESTUAC:"level='asInvoker' uiAccess='false'" /DEBUG /PDB:"C:\Users\CheikAhamed\Documents\Developper\EISTI\OpenGL\MonteCarlo\Tuto_Fichier\Debug\Tuto_Fichier.pdb" /SUBSYSTEM:CONSOLE /TLBID:1 /DYNAMICBASE /NXCOMPAT /IMPLIB:"C:\Users\CheikAhamed\Documents\Developper\EISTI\OpenGL\MonteCarlo\Tuto_Fichier\Debug\Tuto_Fichier.lib" /MACHINE:X86 Debug\Tuto_Fichier.exe.embed.manifest.res
         Debug\Cube.obj
         Debug\Cylindre.obj
         Debug\Intersection.obj
         Debug\Rayon.obj
         Debug\Materiau.obj
         Debug\Objet.obj
         Debug\Plan.obj
         Debug\Scene.obj
         Debug\Sphere.obj
         Debug\stdafx.obj
         Debug\Tuto_Fichier.obj
     1>LINK : warning LNK4098: defaultlib 'LIBCMTD' conflicts with use of other libs; use /NODEFAULTLIB:library
       Manifest:
         C:\Program Files\Microsoft SDKs\Windows\v7.0A\bin\mt.exe /nologo /verbose /out:"Debug\Tuto_Fichier.exe.embed.manifest" /manifest Debug\Tuto_Fichier.exe.intermediate.manifest
         All outputs are up-to-date.
       LinkEmbedManifest:
         All outputs are up-to-date.
         Tuto_Fichier.vcxproj -> C:\Users\CheikAhamed\Documents\Developper\EISTI\OpenGL\MonteCarlo\Tuto_Fichier\Debug\Tuto_Fichier.exe
       FinalizeBuildStatus:
         Deleting file "Debug\Tuto_Fichier.unsuccessfulbuild".
         Touching "Debug\Tuto_Fichier.lastbuildstate".
     1>Done Building Project "C:\Users\CheikAhamed\Documents\Developper\EISTI\OpenGL\MonteCarlo\Tuto_Fichier\Tuto_Fichier\Tuto_Fichier.vcxproj" (build target(s)).

Build succeeded.

Time Elapsed 00:00:04.69
